{"/Users/morae/projects/cinema-paradiso/src/components/search/SearchBar.tsx": {"path":"/Users/morae/projects/cinema-paradiso/src/components/search/SearchBar.tsx","statementMap":{"0":{"start":{"line":12,"column":18},"end":{"line":126,"column":1}},"1":{"start":{"line":13,"column":19},"end":{"line":13,"column":32}},"2":{"start":{"line":14,"column":36},"end":{"line":14,"column":56}},"3":{"start":{"line":15,"column":25},"end":{"line":15,"column":47}},"4":{"start":{"line":16,"column":50},"end":{"line":16,"column":83}},"5":{"start":{"line":17,"column":40},"end":{"line":17,"column":60}},"6":{"start":{"line":18,"column":33},"end":{"line":18,"column":77}},"7":{"start":{"line":20,"column":25},"end":{"line":25,"column":3}},"8":{"start":{"line":21,"column":4},"end":{"line":23,"column":5}},"9":{"start":{"line":22,"column":6},"end":{"line":22,"column":34}},"10":{"start":{"line":24,"column":4},"end":{"line":24,"column":37}},"11":{"start":{"line":27,"column":2},"end":{"line":33,"column":22}},"12":{"start":{"line":28,"column":4},"end":{"line":30,"column":5}},"13":{"start":{"line":29,"column":6},"end":{"line":29,"column":36}},"14":{"start":{"line":31,"column":20},"end":{"line":31,"column":51}},"15":{"start":{"line":32,"column":4},"end":{"line":32,"column":45}},"16":{"start":{"line":35,"column":2},"end":{"line":41,"column":19}},"17":{"start":{"line":36,"column":20},"end":{"line":39,"column":5}},"18":{"start":{"line":37,"column":18},"end":{"line":37,"column":58}},"19":{"start":{"line":38,"column":6},"end":{"line":38,"column":50}},"20":{"start":{"line":40,"column":4},"end":{"line":40,"column":28}},"21":{"start":{"line":43,"column":2},"end":{"line":48,"column":31}},"22":{"start":{"line":44,"column":15},"end":{"line":44,"column":34}},"23":{"start":{"line":45,"column":4},"end":{"line":47,"column":5}},"24":{"start":{"line":46,"column":6},"end":{"line":46,"column":33}},"25":{"start":{"line":50,"column":28},"end":{"line":53,"column":3}},"26":{"start":{"line":51,"column":4},"end":{"line":51,"column":32}},"27":{"start":{"line":52,"column":4},"end":{"line":52,"column":31}},"28":{"start":{"line":55,"column":29},"end":{"line":58,"column":3}},"29":{"start":{"line":56,"column":4},"end":{"line":56,"column":23}},"30":{"start":{"line":57,"column":4},"end":{"line":57,"column":31}},"31":{"start":{"line":60,"column":27},"end":{"line":66,"column":3}},"32":{"start":{"line":61,"column":24},"end":{"line":61,"column":65}},"33":{"start":{"line":62,"column":18},"end":{"line":62,"column":42}},"34":{"start":{"line":63,"column":4},"end":{"line":65,"column":5}},"35":{"start":{"line":64,"column":6},"end":{"line":64,"column":31}},"36":{"start":{"line":68,"column":24},"end":{"line":95,"column":3}},"37":{"start":{"line":69,"column":4},"end":{"line":71,"column":5}},"38":{"start":{"line":70,"column":6},"end":{"line":70,"column":37}},"39":{"start":{"line":72,"column":4},"end":{"line":94,"column":5}},"40":{"start":{"line":73,"column":26},"end":{"line":73,"column":68}},"41":{"start":{"line":74,"column":6},"end":{"line":93,"column":7}},"42":{"start":{"line":76,"column":10},"end":{"line":78,"column":11}},"43":{"start":{"line":77,"column":12},"end":{"line":77,"column":43}},"44":{"start":{"line":79,"column":10},"end":{"line":79,"column":15}},"45":{"start":{"line":81,"column":10},"end":{"line":81,"column":41}},"46":{"start":{"line":82,"column":10},"end":{"line":82,"column":15}},"47":{"start":{"line":84,"column":10},"end":{"line":84,"column":37}},"48":{"start":{"line":85,"column":10},"end":{"line":85,"column":32}},"49":{"start":{"line":86,"column":10},"end":{"line":86,"column":34}},"50":{"start":{"line":87,"column":10},"end":{"line":87,"column":15}},"51":{"start":{"line":89,"column":10},"end":{"line":91,"column":59}},"52":{"start":{"line":89,"column":42},"end":{"line":89,"column":58}},"53":{"start":{"line":90,"column":15},"end":{"line":91,"column":59}},"54":{"start":{"line":90,"column":44},"end":{"line":90,"column":62}},"55":{"start":{"line":91,"column":15},"end":{"line":91,"column":59}},"56":{"start":{"line":91,"column":43},"end":{"line":91,"column":59}},"57":{"start":{"line":92,"column":10},"end":{"line":92,"column":15}},"58":{"start":{"line":97,"column":2},"end":{"line":125,"column":3}},"59":{"start":{"line":104,"column":25},"end":{"line":104,"column":48}},"60":{"start":{"line":105,"column":24},"end":{"line":105,"column":48}},"61":{"start":{"line":106,"column":27},"end":{"line":106,"column":47}},"62":{"start":{"line":107,"column":28},"end":{"line":107,"column":44}},"63":{"start":{"line":112,"column":52},"end":{"line":112,"column":68}},"64":{"start":{"line":128,"column":27},"end":{"line":165,"column":1}}},"fnMap":{"0":{"name":"(anonymous_0)","decl":{"start":{"line":12,"column":18},"end":{"line":12,"column":19}},"loc":{"start":{"line":12,"column":86},"end":{"line":126,"column":1}},"line":12},"1":{"name":"(anonymous_1)","decl":{"start":{"line":20,"column":25},"end":{"line":20,"column":26}},"loc":{"start":{"line":20,"column":31},"end":{"line":25,"column":3}},"line":20},"2":{"name":"(anonymous_2)","decl":{"start":{"line":27,"column":12},"end":{"line":27,"column":13}},"loc":{"start":{"line":27,"column":18},"end":{"line":33,"column":3}},"line":27},"3":{"name":"(anonymous_3)","decl":{"start":{"line":35,"column":12},"end":{"line":35,"column":13}},"loc":{"start":{"line":35,"column":18},"end":{"line":41,"column":3}},"line":35},"4":{"name":"(anonymous_4)","decl":{"start":{"line":36,"column":20},"end":{"line":36,"column":21}},"loc":{"start":{"line":36,"column":32},"end":{"line":39,"column":5}},"line":36},"5":{"name":"(anonymous_5)","decl":{"start":{"line":43,"column":12},"end":{"line":43,"column":13}},"loc":{"start":{"line":43,"column":18},"end":{"line":48,"column":3}},"line":43},"6":{"name":"(anonymous_6)","decl":{"start":{"line":50,"column":28},"end":{"line":50,"column":29}},"loc":{"start":{"line":50,"column":72},"end":{"line":53,"column":3}},"line":50},"7":{"name":"(anonymous_7)","decl":{"start":{"line":55,"column":29},"end":{"line":55,"column":30}},"loc":{"start":{"line":55,"column":48},"end":{"line":58,"column":3}},"line":55},"8":{"name":"(anonymous_8)","decl":{"start":{"line":60,"column":27},"end":{"line":60,"column":28}},"loc":{"start":{"line":60,"column":33},"end":{"line":66,"column":3}},"line":60},"9":{"name":"(anonymous_9)","decl":{"start":{"line":68,"column":24},"end":{"line":68,"column":25}},"loc":{"start":{"line":68,"column":64},"end":{"line":95,"column":3}},"line":68},"10":{"name":"(anonymous_10)","decl":{"start":{"line":104,"column":19},"end":{"line":104,"column":20}},"loc":{"start":{"line":104,"column":25},"end":{"line":104,"column":48}},"line":104},"11":{"name":"(anonymous_11)","decl":{"start":{"line":105,"column":18},"end":{"line":105,"column":19}},"loc":{"start":{"line":105,"column":24},"end":{"line":105,"column":48}},"line":105},"12":{"name":"(anonymous_12)","decl":{"start":{"line":106,"column":20},"end":{"line":106,"column":21}},"loc":{"start":{"line":106,"column":27},"end":{"line":106,"column":47}},"line":106},"13":{"name":"(anonymous_13)","decl":{"start":{"line":107,"column":21},"end":{"line":107,"column":22}},"loc":{"start":{"line":107,"column":28},"end":{"line":107,"column":44}},"line":107},"14":{"name":"(anonymous_14)","decl":{"start":{"line":112,"column":46},"end":{"line":112,"column":47}},"loc":{"start":{"line":112,"column":52},"end":{"line":112,"column":68}},"line":112}},"branchMap":{"0":{"loc":{"start":{"line":21,"column":4},"end":{"line":23,"column":5}},"type":"if","locations":[{"start":{"line":21,"column":4},"end":{"line":23,"column":5}},{"start":{},"end":{}}],"line":21},"1":{"loc":{"start":{"line":28,"column":4},"end":{"line":30,"column":5}},"type":"if","locations":[{"start":{"line":28,"column":4},"end":{"line":30,"column":5}},{"start":{},"end":{}}],"line":28},"2":{"loc":{"start":{"line":28,"column":8},"end":{"line":28,"column":67}},"type":"binary-expr","locations":[{"start":{"line":28,"column":8},"end":{"line":28,"column":35}},{"start":{"line":28,"column":39},"end":{"line":28,"column":67}}],"line":28},"3":{"loc":{"start":{"line":32,"column":4},"end":{"line":32,"column":45}},"type":"binary-expr","locations":[{"start":{"line":32,"column":4},"end":{"line":32,"column":11}},{"start":{"line":32,"column":15},"end":{"line":32,"column":45}}],"line":32},"4":{"loc":{"start":{"line":40,"column":4},"end":{"line":40,"column":28}},"type":"binary-expr","locations":[{"start":{"line":40,"column":4},"end":{"line":40,"column":15}},{"start":{"line":40,"column":19},"end":{"line":40,"column":28}}],"line":40},"5":{"loc":{"start":{"line":45,"column":4},"end":{"line":47,"column":5}},"type":"if","locations":[{"start":{"line":45,"column":4},"end":{"line":47,"column":5}},{"start":{},"end":{}}],"line":45},"6":{"loc":{"start":{"line":45,"column":8},"end":{"line":45,"column":40}},"type":"binary-expr","locations":[{"start":{"line":45,"column":8},"end":{"line":45,"column":10}},{"start":{"line":45,"column":14},"end":{"line":45,"column":40}}],"line":45},"7":{"loc":{"start":{"line":63,"column":4},"end":{"line":65,"column":5}},"type":"if","locations":[{"start":{"line":63,"column":4},"end":{"line":65,"column":5}},{"start":{},"end":{}}],"line":63},"8":{"loc":{"start":{"line":63,"column":8},"end":{"line":63,"column":33}},"type":"binary-expr","locations":[{"start":{"line":63,"column":8},"end":{"line":63,"column":13}},{"start":{"line":63,"column":17},"end":{"line":63,"column":33}}],"line":63},"9":{"loc":{"start":{"line":69,"column":4},"end":{"line":71,"column":5}},"type":"if","locations":[{"start":{"line":69,"column":4},"end":{"line":71,"column":5}},{"start":{},"end":{}}],"line":69},"10":{"loc":{"start":{"line":69,"column":8},"end":{"line":69,"column":59}},"type":"binary-expr","locations":[{"start":{"line":69,"column":8},"end":{"line":69,"column":37}},{"start":{"line":69,"column":41},"end":{"line":69,"column":59}}],"line":69},"11":{"loc":{"start":{"line":72,"column":4},"end":{"line":94,"column":5}},"type":"if","locations":[{"start":{"line":72,"column":4},"end":{"line":94,"column":5}},{"start":{},"end":{}}],"line":72},"12":{"loc":{"start":{"line":72,"column":8},"end":{"line":72,"column":65}},"type":"binary-expr","locations":[{"start":{"line":72,"column":8},"end":{"line":72,"column":34}},{"start":{"line":72,"column":38},"end":{"line":72,"column":65}}],"line":72},"13":{"loc":{"start":{"line":74,"column":6},"end":{"line":93,"column":7}},"type":"switch","locations":[{"start":{"line":75,"column":8},"end":{"line":79,"column":15}},{"start":{"line":80,"column":8},"end":{"line":82,"column":15}},{"start":{"line":83,"column":8},"end":{"line":87,"column":15}},{"start":{"line":88,"column":8},"end":{"line":92,"column":15}}],"line":74},"14":{"loc":{"start":{"line":76,"column":10},"end":{"line":78,"column":11}},"type":"if","locations":[{"start":{"line":76,"column":10},"end":{"line":78,"column":11}},{"start":{},"end":{}}],"line":76},"15":{"loc":{"start":{"line":89,"column":10},"end":{"line":91,"column":59}},"type":"if","locations":[{"start":{"line":89,"column":10},"end":{"line":91,"column":59}},{"start":{"line":90,"column":15},"end":{"line":91,"column":59}}],"line":89},"16":{"loc":{"start":{"line":90,"column":15},"end":{"line":91,"column":59}},"type":"if","locations":[{"start":{"line":90,"column":15},"end":{"line":91,"column":59}},{"start":{"line":91,"column":15},"end":{"line":91,"column":59}}],"line":90},"17":{"loc":{"start":{"line":91,"column":15},"end":{"line":91,"column":59}},"type":"if","locations":[{"start":{"line":91,"column":15},"end":{"line":91,"column":59}},{"start":{},"end":{}}],"line":91},"18":{"loc":{"start":{"line":115,"column":9},"end":{"line":122,"column":9}},"type":"binary-expr","locations":[{"start":{"line":115,"column":9},"end":{"line":115,"column":23}},{"start":{"line":116,"column":10},"end":{"line":121,"column":12}}],"line":115}},"s":{"0":1,"1":44,"2":44,"3":44,"4":44,"5":44,"6":44,"7":44,"8":1,"9":1,"10":0,"11":44,"12":5,"13":5,"14":0,"15":0,"16":44,"17":5,"18":0,"19":0,"20":5,"21":44,"22":5,"23":5,"24":0,"25":44,"26":28,"27":28,"28":44,"29":0,"30":0,"31":44,"32":0,"33":0,"34":0,"35":0,"36":44,"37":38,"38":1,"39":37,"40":0,"41":0,"42":0,"43":0,"44":0,"45":0,"46":0,"47":0,"48":0,"49":0,"50":0,"51":0,"52":0,"53":0,"54":0,"55":0,"56":0,"57":0,"58":44,"59":4,"60":1,"61":28,"62":38,"63":1,"64":1},"f":{"0":44,"1":1,"2":5,"3":5,"4":0,"5":5,"6":28,"7":0,"8":0,"9":38,"10":4,"11":1,"12":28,"13":38,"14":1},"b":{"0":[1,0],"1":[5,0],"2":[5,0],"3":[0,0],"4":[5,0],"5":[0,5],"6":[5,0],"7":[0,0],"8":[0,0],"9":[1,37],"10":[38,38],"11":[0,37],"12":[37,37],"13":[0,0,0,0],"14":[0,0],"15":[0,0],"16":[0,0],"17":[0,0],"18":[44,32]},"_coverageSchema":"1a1c01bbd47fc00a2c39e90264f33305004495a9","hash":"926918fcfcf52b751cff66b548e89020f1644fb0"}
,"/Users/morae/projects/cinema-paradiso/src/pages/MainPage.tsx": {"path":"/Users/morae/projects/cinema-paradiso/src/pages/MainPage.tsx","statementMap":{"0":{"start":{"line":7,"column":17},"end":{"line":24,"column":1}},"1":{"start":{"line":8,"column":22},"end":{"line":8,"column":52}},"2":{"start":{"line":9,"column":46},"end":{"line":9,"column":70}},"3":{"start":{"line":11,"column":2},"end":{"line":13,"column":8}},"4":{"start":{"line":15,"column":2},"end":{"line":23,"column":3}},"5":{"start":{"line":26,"column":22},"end":{"line":30,"column":1}}},"fnMap":{"0":{"name":"(anonymous_0)","decl":{"start":{"line":7,"column":17},"end":{"line":7,"column":18}},"loc":{"start":{"line":7,"column":23},"end":{"line":24,"column":1}},"line":7},"1":{"name":"(anonymous_1)","decl":{"start":{"line":11,"column":12},"end":{"line":11,"column":13}},"loc":{"start":{"line":11,"column":18},"end":{"line":13,"column":3}},"line":11}},"branchMap":{},"s":{"0":1,"1":12,"2":11,"3":11,"4":11,"5":1},"f":{"0":12,"1":5},"b":{},"_coverageSchema":"1a1c01bbd47fc00a2c39e90264f33305004495a9","hash":"8a081a41bf2eb67a6179ebc3dec094d20ad9e4cc"}
,"/Users/morae/projects/cinema-paradiso/src/tests/testUtils.tsx": {"path":"/Users/morae/projects/cinema-paradiso/src/tests/testUtils.tsx","statementMap":{"0":{"start":{"line":7,"column":2},"end":{"line":9,"column":4}},"1":{"start":{"line":8,"column":4},"end":{"line":8,"column":27}},"2":{"start":{"line":13,"column":22},"end":{"line":13,"column":50}},"3":{"start":{"line":14,"column":2},"end":{"line":14,"column":49}},"4":{"start":{"line":14,"column":39},"end":{"line":14,"column":48}},"5":{"start":{"line":16,"column":2},"end":{"line":16,"column":20}},"6":{"start":{"line":19,"column":26},"end":{"line":19,"column":98}},"7":{"start":{"line":19,"column":61},"end":{"line":19,"column":98}}},"fnMap":{"0":{"name":"delay","decl":{"start":{"line":6,"column":22},"end":{"line":6,"column":27}},"loc":{"start":{"line":6,"column":40},"end":{"line":10,"column":1}},"line":6},"1":{"name":"(anonymous_1)","decl":{"start":{"line":7,"column":21},"end":{"line":7,"column":22}},"loc":{"start":{"line":7,"column":34},"end":{"line":9,"column":3}},"line":7},"2":{"name":"mockConsoleError","decl":{"start":{"line":12,"column":16},"end":{"line":12,"column":32}},"loc":{"start":{"line":12,"column":35},"end":{"line":17,"column":1}},"line":12},"3":{"name":"(anonymous_3)","decl":{"start":{"line":14,"column":33},"end":{"line":14,"column":34}},"loc":{"start":{"line":14,"column":39},"end":{"line":14,"column":48}},"line":14},"4":{"name":"(anonymous_4)","decl":{"start":{"line":19,"column":26},"end":{"line":19,"column":27}},"loc":{"start":{"line":19,"column":61},"end":{"line":19,"column":98}},"line":19}},"branchMap":{},"s":{"0":0,"1":0,"2":1,"3":1,"4":0,"5":1,"6":1,"7":5},"f":{"0":0,"1":0,"2":1,"3":0,"4":5},"b":{},"_coverageSchema":"1a1c01bbd47fc00a2c39e90264f33305004495a9","hash":"aa8a74523020070bbfd7e910ac5ac78938340d84"}
,"/Users/morae/projects/cinema-paradiso/src/utils/InputValidation.ts": {"path":"/Users/morae/projects/cinema-paradiso/src/utils/InputValidation.ts","statementMap":{"0":{"start":{"line":1,"column":31},"end":{"line":12,"column":1}},"1":{"start":{"line":4,"column":25},"end":{"line":4,"column":35}},"2":{"start":{"line":5,"column":21},"end":{"line":5,"column":31}},"3":{"start":{"line":7,"column":26},"end":{"line":7,"column":60}},"4":{"start":{"line":8,"column":22},"end":{"line":8,"column":52}},"5":{"start":{"line":9,"column":18},"end":{"line":9,"column":50}},"6":{"start":{"line":11,"column":2},"end":{"line":11,"column":16}}},"fnMap":{"0":{"name":"(anonymous_0)","decl":{"start":{"line":1,"column":31},"end":{"line":1,"column":32}},"loc":{"start":{"line":1,"column":58},"end":{"line":12,"column":1}},"line":1}},"branchMap":{"0":{"loc":{"start":{"line":9,"column":18},"end":{"line":9,"column":50}},"type":"binary-expr","locations":[{"start":{"line":9,"column":18},"end":{"line":9,"column":34}},{"start":{"line":9,"column":38},"end":{"line":9,"column":50}}],"line":9}},"s":{"0":1,"1":0,"2":0,"3":0,"4":0,"5":0,"6":0},"f":{"0":0},"b":{"0":[0,0]},"_coverageSchema":"1a1c01bbd47fc00a2c39e90264f33305004495a9","hash":"c83ae8fe7336137955a80627e00013e263b0dd53"}
}
