TN:
SF:src/components/search/SearchBar.tsx
FN:12,(anonymous_0)
FN:20,(anonymous_1)
FN:27,(anonymous_2)
FN:35,(anonymous_3)
FN:36,(anonymous_4)
FN:43,(anonymous_5)
FN:50,(anonymous_6)
FN:55,(anonymous_7)
FN:60,(anonymous_8)
FN:68,(anonymous_9)
FN:104,(anonymous_10)
FN:105,(anonymous_11)
FN:106,(anonymous_12)
FN:107,(anonymous_13)
FN:112,(anonymous_14)
FNF:15
FNH:12
FNDA:44,(anonymous_0)
FNDA:1,(anonymous_1)
FNDA:5,(anonymous_2)
FNDA:5,(anonymous_3)
FNDA:0,(anonymous_4)
FNDA:5,(anonymous_5)
FNDA:28,(anonymous_6)
FNDA:0,(anonymous_7)
FNDA:0,(anonymous_8)
FNDA:38,(anonymous_9)
FNDA:4,(anonymous_10)
FNDA:1,(anonymous_11)
FNDA:28,(anonymous_12)
FNDA:38,(anonymous_13)
FNDA:1,(anonymous_14)
DA:12,1
DA:13,44
DA:14,44
DA:15,44
DA:16,44
DA:17,44
DA:18,44
DA:20,44
DA:21,1
DA:22,1
DA:24,0
DA:27,44
DA:28,5
DA:29,5
DA:31,0
DA:32,0
DA:35,44
DA:36,5
DA:37,0
DA:38,0
DA:40,5
DA:43,44
DA:44,5
DA:45,5
DA:46,0
DA:50,44
DA:51,28
DA:52,28
DA:55,44
DA:56,0
DA:57,0
DA:60,44
DA:61,0
DA:62,0
DA:63,0
DA:64,0
DA:68,44
DA:69,38
DA:70,1
DA:72,37
DA:73,0
DA:74,0
DA:76,0
DA:77,0
DA:79,0
DA:81,0
DA:82,0
DA:84,0
DA:85,0
DA:86,0
DA:87,0
DA:89,0
DA:90,0
DA:91,0
DA:92,0
DA:97,44
DA:104,4
DA:105,1
DA:106,28
DA:107,38
DA:112,1
DA:128,1
LF:62
LH:35
BRDA:21,0,0,1
BRDA:21,0,1,0
BRDA:28,1,0,5
BRDA:28,1,1,0
BRDA:28,2,0,5
BRDA:28,2,1,0
BRDA:32,3,0,0
BRDA:32,3,1,0
BRDA:40,4,0,5
BRDA:40,4,1,0
BRDA:45,5,0,0
BRDA:45,5,1,5
BRDA:45,6,0,5
BRDA:45,6,1,0
BRDA:63,7,0,0
BRDA:63,7,1,0
BRDA:63,8,0,0
BRDA:63,8,1,0
BRDA:69,9,0,1
BRDA:69,9,1,37
BRDA:69,10,0,38
BRDA:69,10,1,38
BRDA:72,11,0,0
BRDA:72,11,1,37
BRDA:72,12,0,37
BRDA:72,12,1,37
BRDA:74,13,0,0
BRDA:74,13,1,0
BRDA:74,13,2,0
BRDA:74,13,3,0
BRDA:76,14,0,0
BRDA:76,14,1,0
BRDA:89,15,0,0
BRDA:89,15,1,0
BRDA:90,16,0,0
BRDA:90,16,1,0
BRDA:91,17,0,0
BRDA:91,17,1,0
BRDA:115,18,0,44
BRDA:115,18,1,32
BRF:40
BRH:15
end_of_record
TN:
SF:src/pages/MainPage.tsx
FN:7,(anonymous_0)
FN:11,(anonymous_1)
FNF:2
FNH:2
FNDA:12,(anonymous_0)
FNDA:5,(anonymous_1)
DA:7,1
DA:8,12
DA:9,11
DA:11,11
DA:15,11
DA:26,1
LF:6
LH:6
BRF:0
BRH:0
end_of_record
TN:
SF:src/tests/testUtils.tsx
FN:6,delay
FN:7,(anonymous_1)
FN:12,mockConsoleError
FN:14,(anonymous_3)
FN:19,(anonymous_4)
FNF:5
FNH:2
FNDA:0,delay
FNDA:0,(anonymous_1)
FNDA:1,mockConsoleError
FNDA:0,(anonymous_3)
FNDA:5,(anonymous_4)
DA:7,0
DA:8,0
DA:13,1
DA:14,1
DA:16,1
DA:19,5
LF:6
LH:4
BRF:0
BRH:0
end_of_record
TN:
SF:src/utils/InputValidation.ts
FN:1,(anonymous_0)
FNF:1
FNH:0
FNDA:0,(anonymous_0)
DA:1,1
DA:4,0
DA:5,0
DA:7,0
DA:8,0
DA:9,0
DA:11,0
LF:7
LH:1
BRDA:9,0,0,0
BRDA:9,0,1,0
BRF:2
BRH:0
end_of_record
